Интерфейс: enp5s0f3u1c4i2
rx_bytes_before: 314398
rx_bytes_after: 325050
tx_bytes_before: 210597
tx_bytes_after: 214365
rx_bytes: 10652
tx_bytes: 3768
total_bytes: 14420
Интерфейс: enp5s0f3u1c4i2
rx_bytes_before: 326142
rx_bytes_after: 336561
tx_bytes_before: 217272
tx_bytes_after: 220974
rx_bytes: 10419
tx_bytes: 3702
total_bytes: 14121
Интерфейс: enp5s0f3u1c4i2
rx_bytes_before: 345219
rx_bytes_after: 347878
tx_bytes_before: 225509
tx_bytes_after: 227319
rx_bytes: 2659
tx_bytes: 1810
total_bytes: 4469
Интерфейс: enp5s0f3u1c4i2
rx_bytes_before: 356533
rx_bytes_after: 359324
tx_bytes_before: 231854
tx_bytes_after: 233928
rx_bytes: 2791
tx_bytes: 2074
total_bytes: 4865
Интерфейс: enp5s0f3u1c4i2
rx_bytes_before: 367980
rx_bytes_after: 370727
tx_bytes_before: 238463
tx_bytes_after: 240273
rx_bytes: 2747
tx_bytes: 1810
total_bytes: 4557
Интерфейс: enp5s0f3u1c4i2
rx_bytes_before: 381494
rx_bytes_after: 382220
tx_bytes_before: 246420
tx_bytes_after: 246618
rx_bytes: 726
tx_bytes: 198
total_bytes: 924
Интерфейс: enp5s0f3u1c4i2
rx_bytes_before: 393843
rx_bytes_after: 393843
tx_bytes_before: 253425
tx_bytes_after: 253425
rx_bytes: 0
tx_bytes: 0
total_bytes: 0
Интерфейс: enp5s0f3u1c4i2
rx_bytes_before: 405487
rx_bytes_after: 405487
tx_bytes_before: 259902
tx_bytes_after: 259902
rx_bytes: 0
tx_bytes: 0
total_bytes: 0
Интерфейс: enp5s0f3u1c4i2
rx_bytes_before: 416889
rx_bytes_after: 417495
tx_bytes_before: 266313
tx_bytes_after: 267009
rx_bytes: 606
tx_bytes: 696
total_bytes: 1302
Интерфейс: enp5s0f3u1c4i2
rx_bytes_before: 429133
rx_bytes_after: 429739
tx_bytes_before: 276328
tx_bytes_after: 277024
rx_bytes: 606
tx_bytes: 696
total_bytes: 1302
Интерфейс: enp5s0f3u1c4i2
rx_bytes_before: 440622
rx_bytes_after: 444323
tx_bytes_before: 283081
tx_bytes_after: 288242
rx_bytes: 3701
tx_bytes: 5161
total_bytes: 8862
Интерфейс: enp5s0f3u1c4i2
rx_bytes_before: 456805
rx_bytes_after: 465619
tx_bytes_before: 293288
tx_bytes_after: 297984
rx_bytes: 8814
tx_bytes: 4696
total_bytes: 13510
Интерфейс: enp5s0f3u1c4i2
rx_bytes_before: 468432
rx_bytes_after: 478135
tx_bytes_before: 299926
tx_bytes_after: 305006
rx_bytes: 9703
tx_bytes: 5080
total_bytes: 14783
Интерфейс: enp5s0f3u1c4i2
rx_bytes_before: 479788
rx_bytes_after: 490111
tx_bytes_before: 306337
tx_bytes_after: 311608
rx_bytes: 10323
tx_bytes: 5271
total_bytes: 15594
Интерфейс: enp5s0f3u1c4i2
rx_bytes_before: 491080
rx_bytes_after: 503655
tx_bytes_before: 312748
tx_bytes_after: 321743
rx_bytes: 12575
tx_bytes: 8995
total_bytes: 21570
Интерфейс: enp5s0f3u1c4i2
rx_bytes_before: 504249
rx_bytes_after: 515058
tx_bytes_before: 321941
tx_bytes_after: 328352
rx_bytes: 10809
tx_bytes: 6411
total_bytes: 17220
Интерфейс: enp5s0f3u1c4i2
rx_bytes_before: 515784
rx_bytes_after: 527267
tx_bytes_before: 328616
tx_bytes_after: 335330
rx_bytes: 11483
tx_bytes: 6714
total_bytes: 18197
Интерфейс: enp5s0f3u1c4i2
rx_bytes_before: 527267
rx_bytes_after: 538780
tx_bytes_before: 335330
tx_bytes_after: 341741
rx_bytes: 11513
tx_bytes: 6411
total_bytes: 17924
Интерфейс: enp5s0f3u1c4i2
rx_bytes_before: 539386
rx_bytes_after: 550094
tx_bytes_before: 342437
tx_bytes_after: 348086
rx_bytes: 10708
tx_bytes: 5649
total_bytes: 16357
Интерфейс: enp5s0f3u1c4i2
rx_bytes_before: 550700
rx_bytes_after: 561409
tx_bytes_before: 348782
tx_bytes_after: 354431
rx_bytes: 10709
tx_bytes: 5649
total_bytes: 16358
Интерфейс: enp5s0f3u1c4i2
rx_bytes_before: 562408
rx_bytes_after: 573138
tx_bytes_before: 357245
tx_bytes_after: 361145
rx_bytes: 10730
tx_bytes: 3900
total_bytes: 14630
Интерфейс: enp5s0f3u1c4i2
rx_bytes_before: 574164
rx_bytes_after: 584793
tx_bytes_before: 363986
tx_bytes_after: 367688
rx_bytes: 10629
tx_bytes: 3702
total_bytes: 14331
Интерфейс: enp5s0f3u1c4i2
rx_bytes_before: 590840
rx_bytes_after: 596196
tx_bytes_before: 371593
tx_bytes_after: 374033
rx_bytes: 5356
tx_bytes: 2440
total_bytes: 7796
Интерфейс: enp5s0f3u1c4i2
rx_bytes_before: 604852
rx_bytes_after: 608266
tx_bytes_before: 378568
tx_bytes_after: 383850
rx_bytes: 3414
tx_bytes: 5282
total_bytes: 8696
Интерфейс: enp5s0f3u1c4i2
rx_bytes_before: 617795
rx_bytes_after: 619580
tx_bytes_before: 388925
tx_bytes_after: 390195
rx_bytes: 1785
tx_bytes: 1270
total_bytes: 3055
Интерфейс: enp5s0f3u1c4i2
rx_bytes_before: 630102
rx_bytes_after: 631137
tx_bytes_before: 395598
tx_bytes_after: 396738
rx_bytes: 1035
tx_bytes: 1140
total_bytes: 2175
Интерфейс: enp5s0f3u1c4i2
rx_bytes_before: 641988
rx_bytes_after: 642648
tx_bytes_before: 403017
tx_bytes_after: 403215
rx_bytes: 660
tx_bytes: 198
total_bytes: 858
Интерфейс: enp5s0f3u1c4i2
rx_bytes_before: 653698
rx_bytes_after: 653830
tx_bytes_before: 409494
tx_bytes_after: 409560
rx_bytes: 132
tx_bytes: 66
total_bytes: 198
Интерфейс: enp5s0f3u1c4i2
rx_bytes_before: 1077216
rx_bytes_after: 4315276
tx_bytes_before: 430911
tx_bytes_after: 527601
rx_bytes: 3238060
tx_bytes: 96690
total_bytes: 3334750
Интерфейс: enp5s0f3u1c4i2
rx_bytes_before: 8073688
rx_bytes_after: 8912234
tx_bytes_before: 589183
tx_bytes_after: 606907
rx_bytes: 838546
tx_bytes: 17724
total_bytes: 856270
Интерфейс: enp5s0f3u1c4i2
rx_bytes_before: 8920889
rx_bytes_after: 8923746
tx_bytes_before: 611442
tx_bytes_after: 613516
rx_bytes: 2857
tx_bytes: 2074
total_bytes: 4931
Интерфейс: enp5s0f3u1c4i2
rx_bytes_before: 8932892
rx_bytes_after: 8935215
tx_bytes_before: 618346
tx_bytes_after: 620125
rx_bytes: 2323
tx_bytes: 1779
total_bytes: 4102
Интерфейс: enp5s0f3u1c4i2
rx_bytes_before: 8944833
rx_bytes_after: 8946486
tx_bytes_before: 625271
tx_bytes_after: 626536
rx_bytes: 1653
tx_bytes: 1265
total_bytes: 2918
Интерфейс: enp5s0f3u1c4i2
rx_bytes_before: 8956922
rx_bytes_after: 8958023
tx_bytes_before: 631873
tx_bytes_after: 633013
rx_bytes: 1101
tx_bytes: 1140
total_bytes: 2241
Интерфейс: enp5s0f3u1c4i2
rx_bytes_before: 8968750
rx_bytes_after: 8971965
tx_bytes_before: 638717
tx_bytes_after: 642121
rx_bytes: 3215
tx_bytes: 3404
total_bytes: 6619
Интерфейс: enp5s0f3u1c4i2
rx_bytes_before: 8984721
rx_bytes_after: 9033555
tx_bytes_before: 650652
tx_bytes_after: 653028
rx_bytes: 48834
tx_bytes: 2376
total_bytes: 51210
Интерфейс: enp5s0f3u1c4i2
rx_bytes_before: 11878351
rx_bytes_after: 15252292
tx_bytes_before: 710934
tx_bytes_after: 762008
rx_bytes: 3373941
tx_bytes: 51074
total_bytes: 3425015
Интерфейс: enp5s0f3u1c4i2
rx_bytes_before: 17331787
rx_bytes_after: 20622133
tx_bytes_before: 791756
tx_bytes_after: 840647
rx_bytes: 3290346
tx_bytes: 48891
total_bytes: 3339237
Интерфейс: enp5s0f3u1c4i2
rx_bytes_before: 26585588
rx_bytes_after: 31959998
tx_bytes_before: 913037
tx_bytes_after: 985183
rx_bytes: 5374410
tx_bytes: 72146
total_bytes: 5446556
Интерфейс: enp5s0f3u1c4i2
rx_bytes_before: 37598077
rx_bytes_after: 43932663
tx_bytes_before: 1069794
tx_bytes_after: 1158985
rx_bytes: 6334586
tx_bytes: 89191
total_bytes: 6423777
Интерфейс: enp5s0f3u1c4i2
rx_bytes_before: 46626241
rx_bytes_after: 49750432
tx_bytes_before: 1196587
tx_bytes_after: 1241913
rx_bytes: 3124191
tx_bytes: 45326
total_bytes: 3169517
Интерфейс: enp5s0f3u1c4i2
rx_bytes_before: 52012182
rx_bytes_after: 54945728
tx_bytes_before: 1271852
tx_bytes_after: 1310729
rx_bytes: 2933546
tx_bytes: 38877
total_bytes: 2972423
Интерфейс: enp5s0f3u1c4i2
rx_bytes_before: 57510271
rx_bytes_after: 62837976
tx_bytes_before: 1345427
tx_bytes_after: 1418656
rx_bytes: 5327705
tx_bytes: 73229
total_bytes: 5400934
Интерфейс: enp5s0f3u1c4i2
rx_bytes_before: 67765129
rx_bytes_after: 72419799
tx_bytes_before: 1486850
tx_bytes_after: 1549436
rx_bytes: 4654670
tx_bytes: 62586
total_bytes: 4717256
Интерфейс: enp5s0f3u1c4i2
rx_bytes_before: 78301751
rx_bytes_after: 83749966
tx_bytes_before: 1635797
tx_bytes_after: 1715535
rx_bytes: 5448215
tx_bytes: 79738
total_bytes: 5527953
Интерфейс: enp5s0f3u1c4i2
rx_bytes_before: 86097832
rx_bytes_after: 86458066
tx_bytes_before: 1749621
tx_bytes_after: 1757562
rx_bytes: 360234
tx_bytes: 7941
total_bytes: 368175
Интерфейс: enp5s0f3u1c4i2
rx_bytes_before: 86929556
rx_bytes_after: 87800256
tx_bytes_before: 1766613
tx_bytes_after: 1781454
rx_bytes: 870700
tx_bytes: 14841
total_bytes: 885541
Интерфейс: enp5s0f3u1c4i2
rx_bytes_before: 88246605
rx_bytes_after: 88690239
tx_bytes_before: 1792125
tx_bytes_after: 1801005
rx_bytes: 443634
tx_bytes: 8880
total_bytes: 452514
Интерфейс: enp5s0f3u1c4i2
rx_bytes_before: 89767306
rx_bytes_after: 90871895
tx_bytes_before: 1817145
tx_bytes_after: 1834325
rx_bytes: 1104589
tx_bytes: 17180
total_bytes: 1121769
Интерфейс: enp5s0f3u1c4i2
rx_bytes_before: 91680671
rx_bytes_after: 95562895
tx_bytes_before: 1845641
tx_bytes_after: 1891896
rx_bytes: 3882224
tx_bytes: 46255
total_bytes: 3928479
Интерфейс: enp5s0f3u1c4i2
rx_bytes_before: 100607409
rx_bytes_after: 104120084
tx_bytes_before: 1953798
tx_bytes_after: 2000327
rx_bytes: 3512675
tx_bytes: 46529
total_bytes: 3559204
Интерфейс: enp5s0f3u1c4i2
rx_bytes_before: 107647662
rx_bytes_after: 110646779
tx_bytes_before: 2046796
tx_bytes_after: 2084205
rx_bytes: 2999117
tx_bytes: 37409
total_bytes: 3036526
Интерфейс: enp5s0f3u1c4i2
rx_bytes_before: 113112379
rx_bytes_after: 115956121
tx_bytes_before: 2118753
tx_bytes_after: 2156706
rx_bytes: 2843742
tx_bytes: 37953
total_bytes: 2881695
Интерфейс: enp5s0f3u1c4i2
rx_bytes_before: 117781341
rx_bytes_after: 120604495
tx_bytes_before: 2186991
tx_bytes_after: 2223183
rx_bytes: 2823154
tx_bytes: 36192
total_bytes: 2859346
Интерфейс: enp5s0f3u1c4i2
rx_bytes_before: 125524332
rx_bytes_after: 126573074
tx_bytes_before: 2287209
tx_bytes_after: 2303607
rx_bytes: 1048742
tx_bytes: 16398
total_bytes: 1065140
Интерфейс: enp5s0f3u1c4i2
rx_bytes_before: 127418092
rx_bytes_after: 128736874
tx_bytes_before: 2317941
tx_bytes_after: 2338260
rx_bytes: 1318782
tx_bytes: 20319
total_bytes: 1339101
Интерфейс: enp5s0f3u1c4i2
rx_bytes_before: 129940532
rx_bytes_after: 130963560
tx_bytes_before: 2356008
tx_bytes_after: 2374460
rx_bytes: 1023028
tx_bytes: 18452
total_bytes: 1041480
Интерфейс: enp5s0f3u1c4i2
rx_bytes_before: 132061076
rx_bytes_after: 133223218
tx_bytes_before: 2390984
tx_bytes_after: 2407731
rx_bytes: 1162142
tx_bytes: 16747
total_bytes: 1178889
Интерфейс: enp5s0f3u1c4i2
rx_bytes_before: 134323144
rx_bytes_after: 135237193
tx_bytes_before: 2424348
tx_bytes_after: 2438328
rx_bytes: 914049
tx_bytes: 13980
total_bytes: 928029
Интерфейс: enp5s0f3u1c4i2
rx_bytes_before: 136273421
rx_bytes_after: 137329773
tx_bytes_before: 2457663
tx_bytes_after: 2475506
rx_bytes: 1056352
tx_bytes: 17843
total_bytes: 1074195
Интерфейс: enp5s0f3u1c4i2
rx_bytes_before: 138768491
rx_bytes_after: 139687173
tx_bytes_before: 2496011
tx_bytes_after: 2513360
rx_bytes: 918682
tx_bytes: 17349
total_bytes: 936031
Интерфейс: enp5s0f3u1c4i2
rx_bytes_before: 140556431
rx_bytes_after: 142172614
tx_bytes_before: 2527379
tx_bytes_after: 2549047
rx_bytes: 1616183
tx_bytes: 21668
total_bytes: 1637851
Интерфейс: enp5s0f3u1c4i2
rx_bytes_before: 143455246
rx_bytes_after: 144362972
tx_bytes_before: 2568065
tx_bytes_after: 2582741
rx_bytes: 907726
tx_bytes: 14676
total_bytes: 922402
Интерфейс: enp5s0f3u1c4i2
rx_bytes_before: 145551821
rx_bytes_after: 146700793
tx_bytes_before: 2601401
tx_bytes_after: 2619023
rx_bytes: 1148972
tx_bytes: 17622
total_bytes: 1166594
Интерфейс: enp5s0f3u1c4i2
rx_bytes_before: 148275019
rx_bytes_after: 149418893
tx_bytes_before: 2639219
tx_bytes_after: 2657066
rx_bytes: 1143874
tx_bytes: 17847
total_bytes: 1161721
Интерфейс: enp5s0f3u1c4i2
rx_bytes_before: 150822921
rx_bytes_after: 152112131
tx_bytes_before: 2679283
tx_bytes_after: 2697622
rx_bytes: 1289210
tx_bytes: 18339
total_bytes: 1307549
Интерфейс: enp5s0f3u1c4i2
rx_bytes_before: 152652104
rx_bytes_after: 156331072
tx_bytes_before: 2708208
tx_bytes_after: 2750693
rx_bytes: 3678968
tx_bytes: 42485
total_bytes: 3721453
Интерфейс: enp5s0f3u1c4i2
rx_bytes_before: 162263088
rx_bytes_after: 165645604
tx_bytes_before: 2826725
tx_bytes_after: 2873276
rx_bytes: 3382516
tx_bytes: 46551
total_bytes: 3429067
Интерфейс: enp5s0f3u1c4i2
rx_bytes_before: 171252371
rx_bytes_after: 176652091
tx_bytes_before: 2953698
tx_bytes_after: 3022158
rx_bytes: 5399720
tx_bytes: 68460
total_bytes: 5468180
Интерфейс: enp5s0f3u1c4i2
rx_bytes_before: 181544223
rx_bytes_after: 185615369
tx_bytes_before: 3080061
tx_bytes_after: 3122985
rx_bytes: 4071146
tx_bytes: 42924
total_bytes: 4114070
Интерфейс: enp5s0f3u1c4i2
rx_bytes_before: 190275600
rx_bytes_after: 195789571
tx_bytes_before: 3173409
tx_bytes_after: 3240129
rx_bytes: 5513971
tx_bytes: 66720
total_bytes: 5580691
Интерфейс: enp5s0f3u1c4i2
rx_bytes_before: 198704557
rx_bytes_after: 202916398
tx_bytes_before: 3280057
tx_bytes_after: 3329891
rx_bytes: 4211841
tx_bytes: 49834
total_bytes: 4261675
Интерфейс: enp5s0f3u1c4i2
rx_bytes_before: 207389928
rx_bytes_after: 211137991
tx_bytes_before: 3374186
tx_bytes_after: 3424557
rx_bytes: 3748063
tx_bytes: 50371
total_bytes: 3798434
Интерфейс: enp5s0f3u1c4i2
rx_bytes_before: 216516898
rx_bytes_after: 221435790
tx_bytes_before: 3505063
tx_bytes_after: 3558754
rx_bytes: 4918892
tx_bytes: 53691
total_bytes: 4972583
Интерфейс: enp5s0f3u1c4i2
rx_bytes_before: 227624224
rx_bytes_after: 234560964
tx_bytes_before: 3630905
tx_bytes_after: 3714788
rx_bytes: 6936740
tx_bytes: 83883
total_bytes: 7020623
Интерфейс: enp5s0f3u1c4i2
rx_bytes_before: 243167659
rx_bytes_after: 252130265
tx_bytes_before: 3813347
tx_bytes_after: 3920627
rx_bytes: 8962606
tx_bytes: 107280
total_bytes: 9069886
Интерфейс: enp5s0f3u1c4i2
rx_bytes_before: 259237636
rx_bytes_after: 266380007
tx_bytes_before: 4011872
tx_bytes_after: 4096646
rx_bytes: 7142371
tx_bytes: 84774
total_bytes: 7227145
Интерфейс: enp5s0f3u1c4i2
rx_bytes_before: 272826079
rx_bytes_after: 279526362
tx_bytes_before: 4180273
tx_bytes_after: 4261085
rx_bytes: 6700283
tx_bytes: 80812
total_bytes: 6781095
Интерфейс: enp5s0f3u1c4i2
rx_bytes_before: 285319172
rx_bytes_after: 294023261
tx_bytes_before: 4335941
tx_bytes_after: 4439912
rx_bytes: 8704089
tx_bytes: 103971
total_bytes: 8808060
Интерфейс: enp5s0f3u1c4i2
rx_bytes_before: 300068760
rx_bytes_after: 304873933
tx_bytes_before: 4519086
tx_bytes_after: 4589984
rx_bytes: 4805173
tx_bytes: 70898
total_bytes: 4876071
Интерфейс: enp5s0f3u1c4i2
rx_bytes_before: 310995127
rx_bytes_after: 314756495
tx_bytes_before: 4676261
tx_bytes_after: 4725854
rx_bytes: 3761368
tx_bytes: 49593
total_bytes: 3810961
Интерфейс: enp5s0f3u1c4i2
rx_bytes_before: 314768622
rx_bytes_after: 314777275
tx_bytes_before: 4731960
tx_bytes_after: 4735997
rx_bytes: 8653
tx_bytes: 4037
total_bytes: 12690
Интерфейс: enp5s0f3u1c4i2
rx_bytes_before: 314779978
rx_bytes_after: 314788633
tx_bytes_before: 4738305
tx_bytes_after: 4742840
rx_bytes: 8655
tx_bytes: 4535
total_bytes: 13190
Интерфейс: enp5s0f3u1c4i2
rx_bytes_before: 314791915
rx_bytes_after: 314800569
tx_bytes_before: 4748121
tx_bytes_after: 4752656
rx_bytes: 8654
tx_bytes: 4535
total_bytes: 13189
Интерфейс: enp5s0f3u1c4i2
rx_bytes_before: 314803392
rx_bytes_after: 314809504
tx_bytes_before: 4754532
tx_bytes_after: 4758505
rx_bytes: 6112
tx_bytes: 3973
total_bytes: 10085
Интерфейс: enp5s0f3u1c4i2
rx_bytes_before: 314814948
rx_bytes_after: 314823605
tx_bytes_before: 4761009
tx_bytes_after: 4765544
rx_bytes: 8657
tx_bytes: 4535
total_bytes: 13192
